<?xml version="1.0" encoding="UTF-8"?>
<!-- Generated by org.testng.reporters.JUnitReportReporter -->
<testsuite hostname="suman" failures="0" tests="1" name="testCases.TC_oo1_SearchProduct" time="40.453" errors="0" timestamp="2023-07-21T09:32:58 CDT" skipped="0">
  <testcase classname="testCases.TC_oo1_SearchProduct" name="Search_Page" time="40.453"/>
  <system-out/>
</testsuite> <!-- testCases.TC_oo1_SearchProduct -->
