<?xml version="1.0" encoding="UTF-8"?>
<!-- Generated by org.testng.reporters.JUnitReportReporter -->
<testsuite hostname="suman" failures="0" tests="1" name="testCases.TC_oo1_SearchProduct" time="38.827" errors="0" timestamp="2023-07-20T16:13:08 CDT" skipped="0">
  <testcase classname="testCases.TC_oo1_SearchProduct" name="Search_Page" time="38.827"/>
  <system-out/>
</testsuite> <!-- testCases.TC_oo1_SearchProduct -->
