<?xml version="1.0" encoding="UTF-8"?>
<!-- Generated by org.testng.reporters.JUnitReportReporter -->
<testsuite skipped="0" hostname="suman" name="testCases.TC_oo1_SearchProduct" tests="1" failures="0" timestamp="2023-07-21T08:31:09 CDT" time="43.507" errors="0">
  <testcase name="Search_Page" time="43.507" classname="testCases.TC_oo1_SearchProduct"/>
  <system-out/>
</testsuite> <!-- testCases.TC_oo1_SearchProduct -->
