<?xml version="1.0" encoding="UTF-8"?>
<!-- Generated by org.testng.reporters.JUnitReportReporter -->
<testsuite skipped="0" hostname="suman" name="testCases.TC_oo1_SearchProduct" tests="1" failures="0" timestamp="2023-07-20T16:33:22 CDT" time="44.655" errors="0">
  <testcase name="Search_Page" time="44.655" classname="testCases.TC_oo1_SearchProduct"/>
  <system-out/>
</testsuite> <!-- testCases.TC_oo1_SearchProduct -->
